15/04/2016 16:35:29 devpinoyLogger Executing the test: TC001
15/04/2016 16:35:29 devpinoyLogger  Executing GetUrl
15/04/2016 16:35:34 devpinoyLogger Result of execution is: Pass
15/04/2016 16:35:35 devpinoyLogger Executing ClickButton
15/04/2016 16:35:36 devpinoyLogger Result of execution is: Pass
15/04/2016 16:35:36 devpinoyLogger Executing EnterText
15/04/2016 16:35:36 devpinoyLogger Result of execution is: Pass
15/04/2016 16:35:37 devpinoyLogger Executing EnterText
15/04/2016 16:35:37 devpinoyLogger Result of execution is: Pass
15/04/2016 16:35:38 devpinoyLogger Executing ClickButton
15/04/2016 16:35:45 devpinoyLogger Result of execution is: Pass
15/04/2016 16:36:02 devpinoyLogger Executing verifyText
15/04/2016 16:36:02 devpinoyLogger Notifications
15/04/2016 16:36:02 devpinoyLogger Notifications
15/04/2016 16:36:02 devpinoyLogger Result of execution is: Pass
15/04/2016 16:36:19 devpinoyLogger  Current Test Case: TC001 Status: Pass
15/04/2016 16:36:19 devpinoyLogger Executing the test: TC002
15/04/2016 16:36:19 devpinoyLogger Executing ClickLink
15/04/2016 16:36:19 devpinoyLogger Result of execution is: Pass
15/04/2016 16:36:20 devpinoyLogger Executing ClickLink
15/04/2016 16:36:21 devpinoyLogger Result of execution is: Pass
15/04/2016 16:36:22 devpinoyLogger Executing EnterText
15/04/2016 16:36:22 devpinoyLogger Result of execution is: Pass
15/04/2016 16:36:22 devpinoyLogger Executing EnterText
15/04/2016 16:36:23 devpinoyLogger Result of execution is: Pass
15/04/2016 16:36:23 devpinoyLogger Executing EnterText
15/04/2016 16:36:23 devpinoyLogger Result of execution is: Pass
15/04/2016 16:36:24 devpinoyLogger Executing EnterText
15/04/2016 16:36:24 devpinoyLogger Result of execution is: Pass
15/04/2016 16:36:24 devpinoyLogger Executing ClickButton
15/04/2016 16:36:24 devpinoyLogger Result of execution is: Pass
15/04/2016 16:36:35 devpinoyLogger Result of execution is: Pass
15/04/2016 16:36:35 devpinoyLogger Executing Drop Down
15/04/2016 16:36:36 devpinoyLogger Result of execution is: Pass
15/04/2016 16:36:36 devpinoyLogger Executing ClickButton
15/04/2016 16:36:39 devpinoyLogger Result of execution is: Pass
15/04/2016 16:36:39 devpinoyLogger Executing verifyText
15/04/2016 16:36:39 devpinoyLogger Successfully Created
15/04/2016 16:36:39 devpinoyLogger Successfully Created
15/04/2016 16:36:39 devpinoyLogger Result of execution is: Pass
15/04/2016 16:36:40 devpinoyLogger Executing verifyTextOnSubPage
15/04/2016 16:36:40 devpinoyLogger A1
15/04/2016 16:36:40 devpinoyLogger A1
15/04/2016 16:36:40 devpinoyLogger Result of execution is: Pass
15/04/2016 16:36:40 devpinoyLogger Executing ClickButton
15/04/2016 16:36:40 devpinoyLogger Result of execution is: Pass
15/04/2016 16:36:41 devpinoyLogger Executing ClickLink
15/04/2016 16:36:42 devpinoyLogger Result of execution is: Pass
15/04/2016 16:36:42 devpinoyLogger Executing ClickButton
15/04/2016 16:36:44 devpinoyLogger Result of execution is: Pass
15/04/2016 16:36:44 devpinoyLogger  Current Test Case: TC002 Status: Pass
15/04/2016 16:36:44 devpinoyLogger Executing the test: TC003
15/04/2016 16:36:44 devpinoyLogger Executing ClickLink
15/04/2016 16:36:45 devpinoyLogger Result of execution is: Pass
15/04/2016 16:36:46 devpinoyLogger Executing ClickLink
15/04/2016 16:36:47 devpinoyLogger Result of execution is: Pass
15/04/2016 16:36:47 devpinoyLogger Executing EnterText
15/04/2016 16:36:47 devpinoyLogger Result of execution is: Pass
15/04/2016 16:36:48 devpinoyLogger Executing ClickButton
15/04/2016 16:36:50 devpinoyLogger Result of execution is: Pass
15/04/2016 16:36:50 devpinoyLogger Executing verifyText
15/04/2016 16:36:50 devpinoyLogger Successfully Created
15/04/2016 16:36:50 devpinoyLogger Successfully Created
15/04/2016 16:36:50 devpinoyLogger Result of execution is: Pass
15/04/2016 16:36:51 devpinoyLogger Executing verifyTextOnSubPage
15/04/2016 16:36:51 devpinoyLogger A2
15/04/2016 16:36:51 devpinoyLogger A2
15/04/2016 16:36:51 devpinoyLogger Result of execution is: Pass
15/04/2016 16:36:51 devpinoyLogger Executing ClickButton
15/04/2016 16:36:51 devpinoyLogger Result of execution is: Pass
15/04/2016 16:36:52 devpinoyLogger Executing ClickLink
15/04/2016 16:36:52 devpinoyLogger Result of execution is: Pass
15/04/2016 16:36:53 devpinoyLogger Executing ClickButton
15/04/2016 16:36:55 devpinoyLogger Result of execution is: Pass
15/04/2016 16:36:55 devpinoyLogger  Current Test Case: TC003 Status: Pass
15/04/2016 16:36:55 devpinoyLogger Executing the test: TC004
15/04/2016 16:36:55 devpinoyLogger Executing ClickLink
15/04/2016 16:36:56 devpinoyLogger Result of execution is: Pass
15/04/2016 16:36:57 devpinoyLogger Executing ClickLink
15/04/2016 16:36:58 devpinoyLogger Result of execution is: Pass
15/04/2016 16:36:59 devpinoyLogger Executing EnterText
15/04/2016 16:36:59 devpinoyLogger Result of execution is: Pass
15/04/2016 16:36:59 devpinoyLogger Executing ClickButton
15/04/2016 16:37:02 devpinoyLogger Result of execution is: Pass
15/04/2016 16:37:02 devpinoyLogger Executing ClickButton
15/04/2016 16:37:02 devpinoyLogger Result of execution is: Pass
15/04/2016 16:37:03 devpinoyLogger Executing ClickLink
15/04/2016 16:37:03 devpinoyLogger Result of execution is: Pass
15/04/2016 16:37:04 devpinoyLogger Executing ClickButton
15/04/2016 16:37:06 devpinoyLogger Result of execution is: Pass
15/04/2016 16:37:06 devpinoyLogger Executing verifyText
15/04/2016 16:37:06 devpinoyLogger Successfully Deleted
15/04/2016 16:37:06 devpinoyLogger Successfully Deleted
15/04/2016 16:37:06 devpinoyLogger Result of execution is: Pass
15/04/2016 16:37:06 devpinoyLogger Executing verifyTextOnSubPage
15/04/2016 16:37:36 devpinoyLogger A3
15/04/2016 16:37:36 devpinoyLogger 
15/04/2016 16:37:36 devpinoyLogger Result of execution is: Pass
15/04/2016 16:37:37 devpinoyLogger  Current Test Case: TC004 Status: Pass
15/04/2016 16:37:37 devpinoyLogger Executing the test: TC005
15/04/2016 16:37:37 devpinoyLogger Executing ClickLink
15/04/2016 16:37:40 devpinoyLogger Result of execution is: Pass
15/04/2016 16:37:40 devpinoyLogger Executing ClickLink
15/04/2016 16:37:41 devpinoyLogger Result of execution is: Pass
15/04/2016 16:37:41 devpinoyLogger Executing EnterText
15/04/2016 16:37:41 devpinoyLogger Result of execution is: Pass
15/04/2016 16:37:42 devpinoyLogger Executing ClickButton
15/04/2016 16:37:44 devpinoyLogger Result of execution is: Pass
15/04/2016 16:37:45 devpinoyLogger Executing ClickLink
15/04/2016 16:37:46 devpinoyLogger Result of execution is: Pass
15/04/2016 16:37:46 devpinoyLogger Executing EnterText
15/04/2016 16:37:46 devpinoyLogger Result of execution is: Pass
15/04/2016 16:37:47 devpinoyLogger Executing ClickButton
15/04/2016 16:37:48 devpinoyLogger Result of execution is: Pass
15/04/2016 16:37:48 devpinoyLogger Executing verifyText
15/04/2016 16:37:48 devpinoyLogger Username Already Exists !
15/04/2016 16:37:48 devpinoyLogger Username Already Exists !
15/04/2016 16:37:48 devpinoyLogger Result of execution is: Pass
15/04/2016 16:37:48 devpinoyLogger Executing ClickLink
15/04/2016 16:37:50 devpinoyLogger Result of execution is: Pass
15/04/2016 16:37:50 devpinoyLogger Executing ClickButton
15/04/2016 16:37:50 devpinoyLogger Result of execution is: Pass
15/04/2016 16:37:50 devpinoyLogger Executing ClickLink
15/04/2016 16:37:51 devpinoyLogger Result of execution is: Pass
15/04/2016 16:37:52 devpinoyLogger Executing ClickButton
15/04/2016 16:37:53 devpinoyLogger Result of execution is: Pass
15/04/2016 16:37:54 devpinoyLogger  Current Test Case: TC005 Status: Pass
15/04/2016 16:37:54 devpinoyLogger Executing the test: TC006
15/04/2016 16:37:54 devpinoyLogger Executing ClickLink
15/04/2016 16:37:55 devpinoyLogger Result of execution is: Pass
15/04/2016 16:37:55 devpinoyLogger Executing ClickLink
15/04/2016 16:37:56 devpinoyLogger Result of execution is: Pass
15/04/2016 16:37:57 devpinoyLogger Executing EnterText
15/04/2016 16:37:57 devpinoyLogger Result of execution is: Pass
15/04/2016 16:37:57 devpinoyLogger Executing ClickButton
15/04/2016 16:38:00 devpinoyLogger Result of execution is: Pass
15/04/2016 16:38:00 devpinoyLogger Executing ClickButton
15/04/2016 16:38:00 devpinoyLogger Result of execution is: Pass
15/04/2016 16:38:01 devpinoyLogger Executing ClickLink
15/04/2016 16:38:01 devpinoyLogger Result of execution is: Pass
15/04/2016 16:38:02 devpinoyLogger Executing ClickButton
15/04/2016 16:38:04 devpinoyLogger Result of execution is: Pass
15/04/2016 16:38:04 devpinoyLogger Executing verifyText
15/04/2016 16:38:04 devpinoyLogger Request Cancelled
15/04/2016 16:38:04 devpinoyLogger Request Cancelled
15/04/2016 16:38:04 devpinoyLogger Result of execution is: Pass
15/04/2016 16:38:05 devpinoyLogger Executing verifyTextOnSubPage
15/04/2016 16:38:05 devpinoyLogger A5
15/04/2016 16:38:05 devpinoyLogger A5
15/04/2016 16:38:05 devpinoyLogger Result of execution is: Pass
15/04/2016 16:38:05 devpinoyLogger Executing ClickButton
15/04/2016 16:38:05 devpinoyLogger Result of execution is: Pass
15/04/2016 16:38:06 devpinoyLogger Executing ClickLink
15/04/2016 16:38:07 devpinoyLogger Result of execution is: Pass
15/04/2016 16:38:07 devpinoyLogger Executing WaitTime
15/04/2016 16:38:07 devpinoyLogger Error came
15/04/2016 16:38:07 devpinoyLogger Executing ClickButton
15/04/2016 16:38:09 devpinoyLogger Result of execution is: Pass
15/04/2016 16:38:09 devpinoyLogger  Current Test Case: TC006 Status: Pass
15/04/2016 16:38:09 devpinoyLogger Executing the test: TC007
15/04/2016 16:38:09 devpinoyLogger Executing ClickLink
15/04/2016 16:38:10 devpinoyLogger Result of execution is: Pass
15/04/2016 16:38:11 devpinoyLogger Executing ClickLink
15/04/2016 16:38:12 devpinoyLogger Result of execution is: Pass
15/04/2016 16:38:12 devpinoyLogger Executing ClickButton
15/04/2016 16:38:13 devpinoyLogger Result of execution is: Pass
15/04/2016 16:38:14 devpinoyLogger Executing verifyText
15/04/2016 16:38:14 devpinoyLogger Trainee
15/04/2016 16:38:14 devpinoyLogger Trainee
15/04/2016 16:38:14 devpinoyLogger Result of execution is: Pass
15/04/2016 16:38:14 devpinoyLogger  Current Test Case: TC007 Status: Pass
15/04/2016 16:38:14 devpinoyLogger Executing the test: TC008
15/04/2016 16:38:14 devpinoyLogger Executing ClickLink
15/04/2016 16:38:15 devpinoyLogger Result of execution is: Pass
15/04/2016 16:38:16 devpinoyLogger Executing ClickLink
15/04/2016 16:38:17 devpinoyLogger Result of execution is: Pass
15/04/2016 16:38:17 devpinoyLogger Executing EnterText
15/04/2016 16:38:18 devpinoyLogger Result of execution is: Pass
15/04/2016 16:38:18 devpinoyLogger Executing ClickButton
15/04/2016 16:38:20 devpinoyLogger Result of execution is: Pass
15/04/2016 16:38:21 devpinoyLogger Executing ClickLink
15/04/2016 16:38:22 devpinoyLogger Result of execution is: Pass
15/04/2016 16:38:23 devpinoyLogger Executing ClickLink
15/04/2016 16:38:24 devpinoyLogger Result of execution is: Pass
15/04/2016 16:38:24 devpinoyLogger Executing Drop Down
15/04/2016 16:38:24 devpinoyLogger Result of execution is: Pass
15/04/2016 16:38:25 devpinoyLogger Executing verifyText
15/04/2016 16:38:55 devpinoyLogger Error came
15/04/2016 16:38:55 devpinoyLogger  Current Test Case: TC008 Status: Pass
15/04/2016 16:38:55 devpinoyLogger skipping the test: TC009
15/04/2016 16:38:55 devpinoyLogger  Current Test Case: TC009 Status: Skipped
15/04/2016 16:38:55 devpinoyLogger skipping the test: TC010
15/04/2016 16:38:55 devpinoyLogger  Current Test Case: TC010 Status: Skipped
15/04/2016 16:38:55 devpinoyLogger skipping the test: 
15/04/2016 16:38:55 devpinoyLogger  Current Test Case:  Status: Skipped
15/04/2016 16:38:55 devpinoyLogger skipping the test: 
15/04/2016 16:38:55 devpinoyLogger  Current Test Case:  Status: Skipped
15/04/2016 16:38:55 devpinoyLogger skipping the test: 
15/04/2016 16:38:55 devpinoyLogger  Current Test Case:  Status: Skipped
15/04/2016 16:38:55 devpinoyLogger skipping the test: 
15/04/2016 16:38:55 devpinoyLogger  Current Test Case:  Status: Skipped
