16/04/2016 19:15:42 devpinoyLogger Executing the test: TC001
16/04/2016 19:15:42 devpinoyLogger  Executing GetUrl
16/04/2016 19:15:59 devpinoyLogger Result of execution is: Pass
16/04/2016 19:15:59 devpinoyLogger Executing ClickButton
16/04/2016 19:15:59 devpinoyLogger Result of execution is: Pass
16/04/2016 19:16:01 devpinoyLogger Executing EnterText
16/04/2016 19:16:01 devpinoyLogger Result of execution is: Pass
16/04/2016 19:16:01 devpinoyLogger Executing EnterText
16/04/2016 19:16:02 devpinoyLogger Result of execution is: Pass
16/04/2016 19:16:02 devpinoyLogger Executing ClickButton
16/04/2016 19:16:21 devpinoyLogger Result of execution is: Pass
16/04/2016 19:16:35 devpinoyLogger Executing verifyText
16/04/2016 19:16:36 devpinoyLogger Notifications
16/04/2016 19:16:36 devpinoyLogger Notifications
16/04/2016 19:16:36 devpinoyLogger Result of execution is: Pass
16/04/2016 19:16:52 devpinoyLogger  Current Test Case: TC001 Status: Pass
16/04/2016 19:16:52 devpinoyLogger Executing the test: TC002
16/04/2016 19:16:52 devpinoyLogger Executing ClickLink
16/04/2016 19:16:53 devpinoyLogger Result of execution is: Pass
16/04/2016 19:16:55 devpinoyLogger Executing ClickLink
16/04/2016 19:16:55 devpinoyLogger Result of execution is: Pass
16/04/2016 19:16:57 devpinoyLogger Executing EnterText
16/04/2016 19:16:57 devpinoyLogger Result of execution is: Pass
16/04/2016 19:16:57 devpinoyLogger Executing EnterText
16/04/2016 19:16:57 devpinoyLogger Result of execution is: Pass
16/04/2016 19:16:58 devpinoyLogger Executing EnterText
16/04/2016 19:16:58 devpinoyLogger Result of execution is: Pass
16/04/2016 19:16:58 devpinoyLogger Executing EnterText
16/04/2016 19:16:59 devpinoyLogger Result of execution is: Pass
16/04/2016 19:16:59 devpinoyLogger Executing ClickButton
16/04/2016 19:17:04 devpinoyLogger Result of execution is: Pass
16/04/2016 19:17:11 devpinoyLogger Error occurred with executing the AutoIT file: Cannot run program "C:\\Users\\gary\\Desktop\\fileuploadAutoIT.exe": CreateProcess error=2, The system cannot find the file specified
16/04/2016 19:17:11 devpinoyLogger Result of execution is: Fail: Cannot run program "C:\\Users\\gary\\Desktop\\fileuploadAutoIT.exe": CreateProcess error=2, The system cannot find the file specified
16/04/2016 19:17:11 devpinoyLogger Executing Drop Down
16/04/2016 19:17:11 devpinoyLogger Result of execution is: Pass
16/04/2016 19:17:12 devpinoyLogger Executing ClickButton
16/04/2016 19:17:12 devpinoyLogger Result of execution is: Pass
16/04/2016 19:17:12 devpinoyLogger Executing verifyText
16/04/2016 19:17:42 devpinoyLogger Error came
16/04/2016 19:17:42 devpinoyLogger Executing verifyTextOnSubPage
16/04/2016 19:18:12 devpinoyLogger Error came
16/04/2016 19:18:12 devpinoyLogger Executing ClickButton
16/04/2016 19:18:42 devpinoyLogger Error occurred when clicking on button: TraineeDotMenuButtonUnable to locate element: {"method":"xpath","selector":"//*[@id='accordion']/div[1]/div[1]/h4/div/button"}
Command duration or timeout: 30.05 seconds
For documentation on this error, please visit: http://seleniumhq.org/exceptions/no_such_element.html
Build info: version: '2.52.0', revision: '4c2593cfc3689a7fcd7be52549167e5ccc93ad28', time: '2016-02-11 11:22:43'
System info: host: 'Humanities-PC', ip: '192.168.1.133', os.name: 'Windows 7', os.arch: 'x86', os.version: '6.1', java.version: '1.8.0_74'
Driver info: org.openqa.selenium.firefox.FirefoxDriver
Capabilities [{applicationCacheEnabled=true, rotatable=false, handlesAlerts=true, databaseEnabled=true, version=45.0, platform=WINDOWS, nativeEvents=false, acceptSslCerts=true, webStorageEnabled=true, locationContextEnabled=true, browserName=firefox, takesScreenshot=true, javascriptEnabled=true, cssSelectorsEnabled=true}]
Session ID: 0f776b59-c5a6-4f90-aa38-2691f3b65e54
*** Element info: {Using=xpath, value=//*[@id='accordion']/div[1]/div[1]/h4/div/button}
16/04/2016 19:18:42 devpinoyLogger Result of execution is: Fail: Unable to locate element: {"method":"xpath","selector":"//*[@id='accordion']/div[1]/div[1]/h4/div/button"}
Command duration or timeout: 30.05 seconds
For documentation on this error, please visit: http://seleniumhq.org/exceptions/no_such_element.html
Build info: version: '2.52.0', revision: '4c2593cfc3689a7fcd7be52549167e5ccc93ad28', time: '2016-02-11 11:22:43'
System info: host: 'Humanities-PC', ip: '192.168.1.133', os.name: 'Windows 7', os.arch: 'x86', os.version: '6.1', java.version: '1.8.0_74'
Driver info: org.openqa.selenium.firefox.FirefoxDriver
Capabilities [{applicationCacheEnabled=true, rotatable=false, handlesAlerts=true, databaseEnabled=true, version=45.0, platform=WINDOWS, nativeEvents=false, acceptSslCerts=true, webStorageEnabled=true, locationContextEnabled=true, browserName=firefox, takesScreenshot=true, javascriptEnabled=true, cssSelectorsEnabled=true}]
Session ID: 0f776b59-c5a6-4f90-aa38-2691f3b65e54
*** Element info: {Using=xpath, value=//*[@id='accordion']/div[1]/div[1]/h4/div/button}
16/04/2016 19:18:43 devpinoyLogger Executing ClickLink
16/04/2016 19:19:13 devpinoyLogger Error occurred when clicking on link :DeleteTraineeLink
16/04/2016 19:19:13 devpinoyLogger Result of execution is: Fail:Link not found - Unable to locate element: {"method":"xpath","selector":"//*[@id='accordion']/div[1]/div[1]/h4/div/ul/li/a"}
Command duration or timeout: 30.13 seconds
For documentation on this error, please visit: http://seleniumhq.org/exceptions/no_such_element.html
Build info: version: '2.52.0', revision: '4c2593cfc3689a7fcd7be52549167e5ccc93ad28', time: '2016-02-11 11:22:43'
System info: host: 'Humanities-PC', ip: '192.168.1.133', os.name: 'Windows 7', os.arch: 'x86', os.version: '6.1', java.version: '1.8.0_74'
Driver info: org.openqa.selenium.firefox.FirefoxDriver
Capabilities [{applicationCacheEnabled=true, rotatable=false, handlesAlerts=true, databaseEnabled=true, version=45.0, platform=WINDOWS, nativeEvents=false, acceptSslCerts=true, webStorageEnabled=true, locationContextEnabled=true, browserName=firefox, takesScreenshot=true, javascriptEnabled=true, cssSelectorsEnabled=true}]
Session ID: 0f776b59-c5a6-4f90-aa38-2691f3b65e54
*** Element info: {Using=xpath, value=//*[@id='accordion']/div[1]/div[1]/h4/div/ul/li/a}
16/04/2016 19:19:13 devpinoyLogger Executing ClickButton
16/04/2016 19:19:43 devpinoyLogger Error occurred when clicking on button: TraineeDeleteYesUnable to locate element: {"method":"xpath","selector":"//*[@class='confirm-yes']"}
Command duration or timeout: 30.04 seconds
For documentation on this error, please visit: http://seleniumhq.org/exceptions/no_such_element.html
Build info: version: '2.52.0', revision: '4c2593cfc3689a7fcd7be52549167e5ccc93ad28', time: '2016-02-11 11:22:43'
System info: host: 'Humanities-PC', ip: '192.168.1.133', os.name: 'Windows 7', os.arch: 'x86', os.version: '6.1', java.version: '1.8.0_74'
Driver info: org.openqa.selenium.firefox.FirefoxDriver
Capabilities [{applicationCacheEnabled=true, rotatable=false, handlesAlerts=true, databaseEnabled=true, version=45.0, platform=WINDOWS, nativeEvents=false, acceptSslCerts=true, webStorageEnabled=true, locationContextEnabled=true, browserName=firefox, takesScreenshot=true, javascriptEnabled=true, cssSelectorsEnabled=true}]
Session ID: 0f776b59-c5a6-4f90-aa38-2691f3b65e54
*** Element info: {Using=xpath, value=//*[@class='confirm-yes']}
16/04/2016 19:19:43 devpinoyLogger Result of execution is: Fail: Unable to locate element: {"method":"xpath","selector":"//*[@class='confirm-yes']"}
Command duration or timeout: 30.04 seconds
For documentation on this error, please visit: http://seleniumhq.org/exceptions/no_such_element.html
Build info: version: '2.52.0', revision: '4c2593cfc3689a7fcd7be52549167e5ccc93ad28', time: '2016-02-11 11:22:43'
System info: host: 'Humanities-PC', ip: '192.168.1.133', os.name: 'Windows 7', os.arch: 'x86', os.version: '6.1', java.version: '1.8.0_74'
Driver info: org.openqa.selenium.firefox.FirefoxDriver
Capabilities [{applicationCacheEnabled=true, rotatable=false, handlesAlerts=true, databaseEnabled=true, version=45.0, platform=WINDOWS, nativeEvents=false, acceptSslCerts=true, webStorageEnabled=true, locationContextEnabled=true, browserName=firefox, takesScreenshot=true, javascriptEnabled=true, cssSelectorsEnabled=true}]
Session ID: 0f776b59-c5a6-4f90-aa38-2691f3b65e54
*** Element info: {Using=xpath, value=//*[@class='confirm-yes']}
16/04/2016 19:19:44 devpinoyLogger  Current Test Case: TC002 Status: Fail: Unable to locate element: {"method":"xpath","selector":"//*[@class='confirm-yes']"}
Command duration or timeout: 30.04 seconds
For documentation on this error, please visit: http://seleniumhq.org/exceptions/no_such_element.html
Build info: version: '2.52.0', revision: '4c2593cfc3689a7fcd7be52549167e5ccc93ad28', time: '2016-02-11 11:22:43'
System info: host: 'Humanities-PC', ip: '192.168.1.133', os.name: 'Windows 7', os.arch: 'x86', os.version: '6.1', java.version: '1.8.0_74'
Driver info: org.openqa.selenium.firefox.FirefoxDriver
Capabilities [{applicationCacheEnabled=true, rotatable=false, handlesAlerts=true, databaseEnabled=true, version=45.0, platform=WINDOWS, nativeEvents=false, acceptSslCerts=true, webStorageEnabled=true, locationContextEnabled=true, browserName=firefox, takesScreenshot=true, javascriptEnabled=true, cssSelectorsEnabled=true}]
Session ID: 0f776b59-c5a6-4f90-aa38-2691f3b65e54
*** Element info: {Using=xpath, value=//*[@class='confirm-yes']}
16/04/2016 19:19:44 devpinoyLogger Executing the test: TC003
16/04/2016 19:19:44 devpinoyLogger Executing ClickLink
16/04/2016 19:19:44 devpinoyLogger Result of execution is: Pass
16/04/2016 19:19:46 devpinoyLogger Executing ClickLink
16/04/2016 19:19:46 devpinoyLogger Result of execution is: Pass
16/04/2016 19:19:47 devpinoyLogger Executing EnterText
16/04/2016 19:19:47 devpinoyLogger Result of execution is: Pass
16/04/2016 19:19:48 devpinoyLogger Executing ClickButton
16/04/2016 19:19:53 devpinoyLogger Result of execution is: Pass
16/04/2016 19:19:53 devpinoyLogger Executing verifyText
16/04/2016 19:19:53 devpinoyLogger Successfully Created
16/04/2016 19:19:53 devpinoyLogger Successfully Created
16/04/2016 19:19:53 devpinoyLogger Result of execution is: Pass
16/04/2016 19:19:53 devpinoyLogger Executing verifyTextOnSubPage
16/04/2016 19:19:54 devpinoyLogger A2
16/04/2016 19:19:54 devpinoyLogger A2
16/04/2016 19:19:54 devpinoyLogger Result of execution is: Pass
16/04/2016 19:19:54 devpinoyLogger Executing ClickButton
16/04/2016 19:19:54 devpinoyLogger Result of execution is: Pass
16/04/2016 19:19:54 devpinoyLogger Executing ClickLink
16/04/2016 19:19:55 devpinoyLogger Result of execution is: Pass
16/04/2016 19:19:56 devpinoyLogger Executing ClickButton
16/04/2016 19:19:57 devpinoyLogger Result of execution is: Pass
16/04/2016 19:19:59 devpinoyLogger  Current Test Case: TC003 Status: Pass
16/04/2016 19:19:59 devpinoyLogger Executing the test: TC004
16/04/2016 19:19:59 devpinoyLogger Executing ClickLink
16/04/2016 19:19:59 devpinoyLogger Result of execution is: Pass
16/04/2016 19:20:01 devpinoyLogger Executing ClickLink
16/04/2016 19:20:01 devpinoyLogger Result of execution is: Pass
16/04/2016 19:20:03 devpinoyLogger Executing EnterText
16/04/2016 19:20:03 devpinoyLogger Result of execution is: Pass
16/04/2016 19:20:04 devpinoyLogger Executing ClickButton
16/04/2016 19:20:07 devpinoyLogger Result of execution is: Pass
16/04/2016 19:20:07 devpinoyLogger Executing ClickButton
16/04/2016 19:20:07 devpinoyLogger Result of execution is: Pass
16/04/2016 19:20:08 devpinoyLogger Executing ClickLink
16/04/2016 19:20:08 devpinoyLogger Result of execution is: Pass
16/04/2016 19:20:09 devpinoyLogger Executing ClickButton
16/04/2016 19:20:09 devpinoyLogger Result of execution is: Pass
16/04/2016 19:20:12 devpinoyLogger Executing verifyText
16/04/2016 19:20:12 devpinoyLogger Successfully Deleted
16/04/2016 19:20:12 devpinoyLogger Successfully Deleted
16/04/2016 19:20:12 devpinoyLogger Result of execution is: Pass
16/04/2016 19:20:12 devpinoyLogger Executing verifyTextOnSubPage
16/04/2016 19:20:42 devpinoyLogger A3
16/04/2016 19:20:42 devpinoyLogger 
16/04/2016 19:20:42 devpinoyLogger Result of execution is: Pass
16/04/2016 19:20:43 devpinoyLogger  Current Test Case: TC004 Status: Pass
16/04/2016 19:20:43 devpinoyLogger Executing the test: TC005
16/04/2016 19:20:43 devpinoyLogger Executing ClickLink
16/04/2016 19:20:43 devpinoyLogger Result of execution is: Pass
16/04/2016 19:20:44 devpinoyLogger Executing ClickLink
16/04/2016 19:20:45 devpinoyLogger Result of execution is: Pass
16/04/2016 19:20:46 devpinoyLogger Executing EnterText
16/04/2016 19:20:46 devpinoyLogger Result of execution is: Pass
16/04/2016 19:20:47 devpinoyLogger Executing ClickButton
16/04/2016 19:20:49 devpinoyLogger Result of execution is: Pass
16/04/2016 19:20:50 devpinoyLogger Error came
16/04/2016 19:20:50 devpinoyLogger Executing ClickLink
16/04/2016 19:20:51 devpinoyLogger Error occurred when clicking on link :AddTraineeLink
16/04/2016 19:20:51 devpinoyLogger Result of execution is: Fail:Link not found - Error communicating with the remote browser. It may have died.
Build info: version: '2.52.0', revision: '4c2593cfc3689a7fcd7be52549167e5ccc93ad28', time: '2016-02-11 11:22:43'
System info: host: 'Humanities-PC', ip: '192.168.1.133', os.name: 'Windows 7', os.arch: 'x86', os.version: '6.1', java.version: '1.8.0_74'
Driver info: driver.version: EventFiringWebDriver
Capabilities [{applicationCacheEnabled=true, rotatable=false, handlesAlerts=true, databaseEnabled=true, version=45.0, platform=WINDOWS, nativeEvents=false, acceptSslCerts=true, webStorageEnabled=true, locationContextEnabled=true, browserName=firefox, takesScreenshot=true, javascriptEnabled=true, cssSelectorsEnabled=true}]
Session ID: 0f776b59-c5a6-4f90-aa38-2691f3b65e54
16/04/2016 19:20:52 devpinoyLogger Error came
16/04/2016 19:20:52 devpinoyLogger Executing EnterText
16/04/2016 19:20:53 devpinoyLogger Error occurred while entering text: TraineeUsernameError communicating with the remote browser. It may have died.
Build info: version: '2.52.0', revision: '4c2593cfc3689a7fcd7be52549167e5ccc93ad28', time: '2016-02-11 11:22:43'
System info: host: 'Humanities-PC', ip: '192.168.1.133', os.name: 'Windows 7', os.arch: 'x86', os.version: '6.1', java.version: '1.8.0_74'
Driver info: driver.version: EventFiringWebDriver
Capabilities [{applicationCacheEnabled=true, rotatable=false, handlesAlerts=true, databaseEnabled=true, version=45.0, platform=WINDOWS, nativeEvents=false, acceptSslCerts=true, webStorageEnabled=true, locationContextEnabled=true, browserName=firefox, takesScreenshot=true, javascriptEnabled=true, cssSelectorsEnabled=true}]
Session ID: 0f776b59-c5a6-4f90-aa38-2691f3b65e54
16/04/2016 19:20:53 devpinoyLogger Result of execution is: Fail : Error communicating with the remote browser. It may have died.
Build info: version: '2.52.0', revision: '4c2593cfc3689a7fcd7be52549167e5ccc93ad28', time: '2016-02-11 11:22:43'
System info: host: 'Humanities-PC', ip: '192.168.1.133', os.name: 'Windows 7', os.arch: 'x86', os.version: '6.1', java.version: '1.8.0_74'
Driver info: driver.version: EventFiringWebDriver
Capabilities [{applicationCacheEnabled=true, rotatable=false, handlesAlerts=true, databaseEnabled=true, version=45.0, platform=WINDOWS, nativeEvents=false, acceptSslCerts=true, webStorageEnabled=true, locationContextEnabled=true, browserName=firefox, takesScreenshot=true, javascriptEnabled=true, cssSelectorsEnabled=true}]
Session ID: 0f776b59-c5a6-4f90-aa38-2691f3b65e54
16/04/2016 19:20:54 devpinoyLogger Error came
16/04/2016 19:20:54 devpinoyLogger Executing ClickButton
