16/04/2016 19:21:27 devpinoyLogger Executing the test: TC001
16/04/2016 19:21:27 devpinoyLogger  Executing GetUrl
16/04/2016 19:21:39 devpinoyLogger Result of execution is: Pass
16/04/2016 19:21:41 devpinoyLogger Executing ClickButton
16/04/2016 19:21:41 devpinoyLogger Result of execution is: Pass
16/04/2016 19:21:43 devpinoyLogger Executing EnterText
16/04/2016 19:21:43 devpinoyLogger Result of execution is: Pass
16/04/2016 19:21:44 devpinoyLogger Executing EnterText
16/04/2016 19:21:44 devpinoyLogger Result of execution is: Pass
16/04/2016 19:21:44 devpinoyLogger Executing ClickButton
16/04/2016 19:22:04 devpinoyLogger Result of execution is: Pass
16/04/2016 19:22:18 devpinoyLogger Executing verifyText
16/04/2016 19:22:19 devpinoyLogger Notifications
16/04/2016 19:22:19 devpinoyLogger Notifications
16/04/2016 19:22:19 devpinoyLogger Result of execution is: Pass
16/04/2016 19:22:32 devpinoyLogger  Current Test Case: TC001 Status: Pass
16/04/2016 19:22:32 devpinoyLogger Executing the test: TC002
16/04/2016 19:22:32 devpinoyLogger Executing ClickLink
16/04/2016 19:22:33 devpinoyLogger Result of execution is: Pass
16/04/2016 19:22:35 devpinoyLogger Executing ClickLink
16/04/2016 19:22:35 devpinoyLogger Result of execution is: Pass
16/04/2016 19:22:36 devpinoyLogger Executing EnterText
16/04/2016 19:22:36 devpinoyLogger Result of execution is: Pass
16/04/2016 19:22:38 devpinoyLogger Executing EnterText
16/04/2016 19:22:38 devpinoyLogger Result of execution is: Pass
16/04/2016 19:22:38 devpinoyLogger Executing EnterText
16/04/2016 19:22:38 devpinoyLogger Result of execution is: Pass
16/04/2016 19:22:39 devpinoyLogger Executing EnterText
16/04/2016 19:22:39 devpinoyLogger Result of execution is: Pass
16/04/2016 19:22:39 devpinoyLogger Executing ClickButton
16/04/2016 19:22:40 devpinoyLogger Result of execution is: Pass
16/04/2016 19:22:45 devpinoyLogger Error occurred with executing the AutoIT file: Cannot run program "C:\\Users\\gary\\Desktop\\fileuploadAutoIT.exe": CreateProcess error=2, The system cannot find the file specified
16/04/2016 19:22:45 devpinoyLogger Result of execution is: Fail: Cannot run program "C:\\Users\\gary\\Desktop\\fileuploadAutoIT.exe": CreateProcess error=2, The system cannot find the file specified
16/04/2016 19:22:46 devpinoyLogger Executing Drop Down
16/04/2016 19:22:46 devpinoyLogger Result of execution is: Pass
16/04/2016 19:22:47 devpinoyLogger Executing ClickButton
16/04/2016 19:22:47 devpinoyLogger Result of execution is: Pass
16/04/2016 19:22:48 devpinoyLogger Executing verifyText
16/04/2016 19:23:15 devpinoyLogger Error came
16/04/2016 19:23:16 devpinoyLogger Executing verifyTextOnSubPage
16/04/2016 19:23:17 devpinoyLogger Error came
16/04/2016 19:23:17 devpinoyLogger Executing ClickButton
16/04/2016 19:23:18 devpinoyLogger Error occurred when clicking on button: TraineeDotMenuButtonError communicating with the remote browser. It may have died.
Build info: version: '2.52.0', revision: '4c2593cfc3689a7fcd7be52549167e5ccc93ad28', time: '2016-02-11 11:22:43'
System info: host: 'Humanities-PC', ip: '192.168.1.133', os.name: 'Windows 7', os.arch: 'x86', os.version: '6.1', java.version: '1.8.0_74'
Driver info: driver.version: EventFiringWebDriver
Capabilities [{applicationCacheEnabled=true, rotatable=false, handlesAlerts=true, databaseEnabled=true, version=45.0, platform=WINDOWS, nativeEvents=false, acceptSslCerts=true, webStorageEnabled=true, locationContextEnabled=true, browserName=firefox, takesScreenshot=true, javascriptEnabled=true, cssSelectorsEnabled=true}]
Session ID: ad125491-9cc7-480d-9c03-9e9cf17d6d85
16/04/2016 19:23:18 devpinoyLogger Result of execution is: Fail: Error communicating with the remote browser. It may have died.
Build info: version: '2.52.0', revision: '4c2593cfc3689a7fcd7be52549167e5ccc93ad28', time: '2016-02-11 11:22:43'
System info: host: 'Humanities-PC', ip: '192.168.1.133', os.name: 'Windows 7', os.arch: 'x86', os.version: '6.1', java.version: '1.8.0_74'
Driver info: driver.version: EventFiringWebDriver
Capabilities [{applicationCacheEnabled=true, rotatable=false, handlesAlerts=true, databaseEnabled=true, version=45.0, platform=WINDOWS, nativeEvents=false, acceptSslCerts=true, webStorageEnabled=true, locationContextEnabled=true, browserName=firefox, takesScreenshot=true, javascriptEnabled=true, cssSelectorsEnabled=true}]
Session ID: ad125491-9cc7-480d-9c03-9e9cf17d6d85
16/04/2016 19:23:19 devpinoyLogger Error came
16/04/2016 19:23:19 devpinoyLogger Executing ClickLink
16/04/2016 19:23:20 devpinoyLogger Error occurred when clicking on link :DeleteTraineeLink
16/04/2016 19:23:20 devpinoyLogger Result of execution is: Fail:Link not found - Error communicating with the remote browser. It may have died.
Build info: version: '2.52.0', revision: '4c2593cfc3689a7fcd7be52549167e5ccc93ad28', time: '2016-02-11 11:22:43'
System info: host: 'Humanities-PC', ip: '192.168.1.133', os.name: 'Windows 7', os.arch: 'x86', os.version: '6.1', java.version: '1.8.0_74'
Driver info: driver.version: EventFiringWebDriver
Capabilities [{applicationCacheEnabled=true, rotatable=false, handlesAlerts=true, databaseEnabled=true, version=45.0, platform=WINDOWS, nativeEvents=false, acceptSslCerts=true, webStorageEnabled=true, locationContextEnabled=true, browserName=firefox, takesScreenshot=true, javascriptEnabled=true, cssSelectorsEnabled=true}]
Session ID: ad125491-9cc7-480d-9c03-9e9cf17d6d85
16/04/2016 19:23:21 devpinoyLogger Error came
16/04/2016 19:23:21 devpinoyLogger Executing ClickButton
16/04/2016 19:23:22 devpinoyLogger Error occurred when clicking on button: TraineeDeleteYesError communicating with the remote browser. It may have died.
Build info: version: '2.52.0', revision: '4c2593cfc3689a7fcd7be52549167e5ccc93ad28', time: '2016-02-11 11:22:43'
System info: host: 'Humanities-PC', ip: '192.168.1.133', os.name: 'Windows 7', os.arch: 'x86', os.version: '6.1', java.version: '1.8.0_74'
Driver info: driver.version: EventFiringWebDriver
Capabilities [{applicationCacheEnabled=true, rotatable=false, handlesAlerts=true, databaseEnabled=true, version=45.0, platform=WINDOWS, nativeEvents=false, acceptSslCerts=true, webStorageEnabled=true, locationContextEnabled=true, browserName=firefox, takesScreenshot=true, javascriptEnabled=true, cssSelectorsEnabled=true}]
Session ID: ad125491-9cc7-480d-9c03-9e9cf17d6d85
16/04/2016 19:23:22 devpinoyLogger Result of execution is: Fail: Error communicating with the remote browser. It may have died.
Build info: version: '2.52.0', revision: '4c2593cfc3689a7fcd7be52549167e5ccc93ad28', time: '2016-02-11 11:22:43'
System info: host: 'Humanities-PC', ip: '192.168.1.133', os.name: 'Windows 7', os.arch: 'x86', os.version: '6.1', java.version: '1.8.0_74'
Driver info: driver.version: EventFiringWebDriver
Capabilities [{applicationCacheEnabled=true, rotatable=false, handlesAlerts=true, databaseEnabled=true, version=45.0, platform=WINDOWS, nativeEvents=false, acceptSslCerts=true, webStorageEnabled=true, locationContextEnabled=true, browserName=firefox, takesScreenshot=true, javascriptEnabled=true, cssSelectorsEnabled=true}]
Session ID: ad125491-9cc7-480d-9c03-9e9cf17d6d85
16/04/2016 19:23:23 devpinoyLogger Error came
16/04/2016 19:23:23 devpinoyLogger  Current Test Case: TC002 Status: Fail: Cannot run program "C:\\Users\\gary\\Desktop\\fileuploadAutoIT.exe": CreateProcess error=2, The system cannot find the file specified
16/04/2016 19:23:23 devpinoyLogger Executing the test: TC003
16/04/2016 19:23:23 devpinoyLogger Executing ClickLink
16/04/2016 19:23:24 devpinoyLogger Error occurred when clicking on link :TraineesLink
16/04/2016 19:23:24 devpinoyLogger Result of execution is: Fail:Link not found - Error communicating with the remote browser. It may have died.
Build info: version: '2.52.0', revision: '4c2593cfc3689a7fcd7be52549167e5ccc93ad28', time: '2016-02-11 11:22:43'
System info: host: 'Humanities-PC', ip: '192.168.1.133', os.name: 'Windows 7', os.arch: 'x86', os.version: '6.1', java.version: '1.8.0_74'
Driver info: driver.version: EventFiringWebDriver
Capabilities [{applicationCacheEnabled=true, rotatable=false, handlesAlerts=true, databaseEnabled=true, version=45.0, platform=WINDOWS, nativeEvents=false, acceptSslCerts=true, webStorageEnabled=true, locationContextEnabled=true, browserName=firefox, takesScreenshot=true, javascriptEnabled=true, cssSelectorsEnabled=true}]
Session ID: ad125491-9cc7-480d-9c03-9e9cf17d6d85
16/04/2016 19:23:25 devpinoyLogger Error came
16/04/2016 19:23:25 devpinoyLogger Executing ClickLink
16/04/2016 19:23:26 devpinoyLogger Error occurred when clicking on link :AddTraineeLink
16/04/2016 19:23:26 devpinoyLogger Result of execution is: Fail:Link not found - Error communicating with the remote browser. It may have died.
Build info: version: '2.52.0', revision: '4c2593cfc3689a7fcd7be52549167e5ccc93ad28', time: '2016-02-11 11:22:43'
System info: host: 'Humanities-PC', ip: '192.168.1.133', os.name: 'Windows 7', os.arch: 'x86', os.version: '6.1', java.version: '1.8.0_74'
Driver info: driver.version: EventFiringWebDriver
Capabilities [{applicationCacheEnabled=true, rotatable=false, handlesAlerts=true, databaseEnabled=true, version=45.0, platform=WINDOWS, nativeEvents=false, acceptSslCerts=true, webStorageEnabled=true, locationContextEnabled=true, browserName=firefox, takesScreenshot=true, javascriptEnabled=true, cssSelectorsEnabled=true}]
Session ID: ad125491-9cc7-480d-9c03-9e9cf17d6d85
16/04/2016 19:23:27 devpinoyLogger Error came
16/04/2016 19:23:27 devpinoyLogger Executing EnterText
16/04/2016 19:23:28 devpinoyLogger Error occurred while entering text: TraineeUsernameError communicating with the remote browser. It may have died.
Build info: version: '2.52.0', revision: '4c2593cfc3689a7fcd7be52549167e5ccc93ad28', time: '2016-02-11 11:22:43'
System info: host: 'Humanities-PC', ip: '192.168.1.133', os.name: 'Windows 7', os.arch: 'x86', os.version: '6.1', java.version: '1.8.0_74'
Driver info: driver.version: EventFiringWebDriver
Capabilities [{applicationCacheEnabled=true, rotatable=false, handlesAlerts=true, databaseEnabled=true, version=45.0, platform=WINDOWS, nativeEvents=false, acceptSslCerts=true, webStorageEnabled=true, locationContextEnabled=true, browserName=firefox, takesScreenshot=true, javascriptEnabled=true, cssSelectorsEnabled=true}]
Session ID: ad125491-9cc7-480d-9c03-9e9cf17d6d85
16/04/2016 19:23:28 devpinoyLogger Result of execution is: Fail : Error communicating with the remote browser. It may have died.
Build info: version: '2.52.0', revision: '4c2593cfc3689a7fcd7be52549167e5ccc93ad28', time: '2016-02-11 11:22:43'
System info: host: 'Humanities-PC', ip: '192.168.1.133', os.name: 'Windows 7', os.arch: 'x86', os.version: '6.1', java.version: '1.8.0_74'
Driver info: driver.version: EventFiringWebDriver
Capabilities [{applicationCacheEnabled=true, rotatable=false, handlesAlerts=true, databaseEnabled=true, version=45.0, platform=WINDOWS, nativeEvents=false, acceptSslCerts=true, webStorageEnabled=true, locationContextEnabled=true, browserName=firefox, takesScreenshot=true, javascriptEnabled=true, cssSelectorsEnabled=true}]
Session ID: ad125491-9cc7-480d-9c03-9e9cf17d6d85
16/04/2016 19:23:29 devpinoyLogger Error came
16/04/2016 19:23:29 devpinoyLogger Executing ClickButton
16/04/2016 19:23:30 devpinoyLogger Error occurred when clicking on button: CreateTraineeButtonError communicating with the remote browser. It may have died.
Build info: version: '2.52.0', revision: '4c2593cfc3689a7fcd7be52549167e5ccc93ad28', time: '2016-02-11 11:22:43'
System info: host: 'Humanities-PC', ip: '192.168.1.133', os.name: 'Windows 7', os.arch: 'x86', os.version: '6.1', java.version: '1.8.0_74'
Driver info: driver.version: EventFiringWebDriver
Capabilities [{applicationCacheEnabled=true, rotatable=false, handlesAlerts=true, databaseEnabled=true, version=45.0, platform=WINDOWS, nativeEvents=false, acceptSslCerts=true, webStorageEnabled=true, locationContextEnabled=true, browserName=firefox, takesScreenshot=true, javascriptEnabled=true, cssSelectorsEnabled=true}]
Session ID: ad125491-9cc7-480d-9c03-9e9cf17d6d85
16/04/2016 19:23:30 devpinoyLogger Result of execution is: Fail: Error communicating with the remote browser. It may have died.
Build info: version: '2.52.0', revision: '4c2593cfc3689a7fcd7be52549167e5ccc93ad28', time: '2016-02-11 11:22:43'
System info: host: 'Humanities-PC', ip: '192.168.1.133', os.name: 'Windows 7', os.arch: 'x86', os.version: '6.1', java.version: '1.8.0_74'
Driver info: driver.version: EventFiringWebDriver
Capabilities [{applicationCacheEnabled=true, rotatable=false, handlesAlerts=true, databaseEnabled=true, version=45.0, platform=WINDOWS, nativeEvents=false, acceptSslCerts=true, webStorageEnabled=true, locationContextEnabled=true, browserName=firefox, takesScreenshot=true, javascriptEnabled=true, cssSelectorsEnabled=true}]
Session ID: ad125491-9cc7-480d-9c03-9e9cf17d6d85
16/04/2016 19:23:31 devpinoyLogger Error came
16/04/2016 19:23:31 devpinoyLogger Executing verifyText
16/04/2016 19:23:32 devpinoyLogger Error came
16/04/2016 19:23:32 devpinoyLogger Executing verifyTextOnSubPage
16/04/2016 19:23:33 devpinoyLogger Error came
16/04/2016 19:23:33 devpinoyLogger Executing ClickButton
16/04/2016 19:23:34 devpinoyLogger Error occurred when clicking on button: TraineeDotMenuButtonError communicating with the remote browser. It may have died.
Build info: version: '2.52.0', revision: '4c2593cfc3689a7fcd7be52549167e5ccc93ad28', time: '2016-02-11 11:22:43'
System info: host: 'Humanities-PC', ip: '192.168.1.133', os.name: 'Windows 7', os.arch: 'x86', os.version: '6.1', java.version: '1.8.0_74'
Driver info: driver.version: EventFiringWebDriver
Capabilities [{applicationCacheEnabled=true, rotatable=false, handlesAlerts=true, databaseEnabled=true, version=45.0, platform=WINDOWS, nativeEvents=false, acceptSslCerts=true, webStorageEnabled=true, locationContextEnabled=true, browserName=firefox, takesScreenshot=true, javascriptEnabled=true, cssSelectorsEnabled=true}]
Session ID: ad125491-9cc7-480d-9c03-9e9cf17d6d85
16/04/2016 19:23:34 devpinoyLogger Result of execution is: Fail: Error communicating with the remote browser. It may have died.
Build info: version: '2.52.0', revision: '4c2593cfc3689a7fcd7be52549167e5ccc93ad28', time: '2016-02-11 11:22:43'
System info: host: 'Humanities-PC', ip: '192.168.1.133', os.name: 'Windows 7', os.arch: 'x86', os.version: '6.1', java.version: '1.8.0_74'
Driver info: driver.version: EventFiringWebDriver
Capabilities [{applicationCacheEnabled=true, rotatable=false, handlesAlerts=true, databaseEnabled=true, version=45.0, platform=WINDOWS, nativeEvents=false, acceptSslCerts=true, webStorageEnabled=true, locationContextEnabled=true, browserName=firefox, takesScreenshot=true, javascriptEnabled=true, cssSelectorsEnabled=true}]
Session ID: ad125491-9cc7-480d-9c03-9e9cf17d6d85
16/04/2016 19:23:35 devpinoyLogger Error came
16/04/2016 19:23:35 devpinoyLogger Executing ClickLink
16/04/2016 19:23:36 devpinoyLogger Error occurred when clicking on link :DeleteTraineeLink
16/04/2016 19:23:36 devpinoyLogger Result of execution is: Fail:Link not found - Error communicating with the remote browser. It may have died.
Build info: version: '2.52.0', revision: '4c2593cfc3689a7fcd7be52549167e5ccc93ad28', time: '2016-02-11 11:22:43'
System info: host: 'Humanities-PC', ip: '192.168.1.133', os.name: 'Windows 7', os.arch: 'x86', os.version: '6.1', java.version: '1.8.0_74'
Driver info: driver.version: EventFiringWebDriver
Capabilities [{applicationCacheEnabled=true, rotatable=false, handlesAlerts=true, databaseEnabled=true, version=45.0, platform=WINDOWS, nativeEvents=false, acceptSslCerts=true, webStorageEnabled=true, locationContextEnabled=true, browserName=firefox, takesScreenshot=true, javascriptEnabled=true, cssSelectorsEnabled=true}]
Session ID: ad125491-9cc7-480d-9c03-9e9cf17d6d85
16/04/2016 19:23:37 devpinoyLogger Error came
16/04/2016 19:23:37 devpinoyLogger Executing ClickButton
16/04/2016 19:23:38 devpinoyLogger Error occurred when clicking on button: TraineeDeleteYesError communicating with the remote browser. It may have died.
Build info: version: '2.52.0', revision: '4c2593cfc3689a7fcd7be52549167e5ccc93ad28', time: '2016-02-11 11:22:43'
System info: host: 'Humanities-PC', ip: '192.168.1.133', os.name: 'Windows 7', os.arch: 'x86', os.version: '6.1', java.version: '1.8.0_74'
Driver info: driver.version: EventFiringWebDriver
Capabilities [{applicationCacheEnabled=true, rotatable=false, handlesAlerts=true, databaseEnabled=true, version=45.0, platform=WINDOWS, nativeEvents=false, acceptSslCerts=true, webStorageEnabled=true, locationContextEnabled=true, browserName=firefox, takesScreenshot=true, javascriptEnabled=true, cssSelectorsEnabled=true}]
Session ID: ad125491-9cc7-480d-9c03-9e9cf17d6d85
16/04/2016 19:23:38 devpinoyLogger Result of execution is: Fail: Error communicating with the remote browser. It may have died.
Build info: version: '2.52.0', revision: '4c2593cfc3689a7fcd7be52549167e5ccc93ad28', time: '2016-02-11 11:22:43'
System info: host: 'Humanities-PC', ip: '192.168.1.133', os.name: 'Windows 7', os.arch: 'x86', os.version: '6.1', java.version: '1.8.0_74'
Driver info: driver.version: EventFiringWebDriver
Capabilities [{applicationCacheEnabled=true, rotatable=false, handlesAlerts=true, databaseEnabled=true, version=45.0, platform=WINDOWS, nativeEvents=false, acceptSslCerts=true, webStorageEnabled=true, locationContextEnabled=true, browserName=firefox, takesScreenshot=true, javascriptEnabled=true, cssSelectorsEnabled=true}]
Session ID: ad125491-9cc7-480d-9c03-9e9cf17d6d85
16/04/2016 19:23:39 devpinoyLogger Error came
16/04/2016 19:23:39 devpinoyLogger  Current Test Case: TC003 Status: Pass
16/04/2016 19:23:39 devpinoyLogger Executing the test: TC004
16/04/2016 19:23:39 devpinoyLogger Executing ClickLink
16/04/2016 19:23:40 devpinoyLogger Error occurred when clicking on link :TraineesLink
16/04/2016 19:23:40 devpinoyLogger Result of execution is: Fail:Link not found - Error communicating with the remote browser. It may have died.
Build info: version: '2.52.0', revision: '4c2593cfc3689a7fcd7be52549167e5ccc93ad28', time: '2016-02-11 11:22:43'
System info: host: 'Humanities-PC', ip: '192.168.1.133', os.name: 'Windows 7', os.arch: 'x86', os.version: '6.1', java.version: '1.8.0_74'
Driver info: driver.version: EventFiringWebDriver
Capabilities [{applicationCacheEnabled=true, rotatable=false, handlesAlerts=true, databaseEnabled=true, version=45.0, platform=WINDOWS, nativeEvents=false, acceptSslCerts=true, webStorageEnabled=true, locationContextEnabled=true, browserName=firefox, takesScreenshot=true, javascriptEnabled=true, cssSelectorsEnabled=true}]
Session ID: ad125491-9cc7-480d-9c03-9e9cf17d6d85
16/04/2016 19:23:41 devpinoyLogger Error came
16/04/2016 19:23:41 devpinoyLogger Executing ClickLink
16/04/2016 19:23:42 devpinoyLogger Error occurred when clicking on link :AddTraineeLink
16/04/2016 19:23:42 devpinoyLogger Result of execution is: Fail:Link not found - Error communicating with the remote browser. It may have died.
Build info: version: '2.52.0', revision: '4c2593cfc3689a7fcd7be52549167e5ccc93ad28', time: '2016-02-11 11:22:43'
System info: host: 'Humanities-PC', ip: '192.168.1.133', os.name: 'Windows 7', os.arch: 'x86', os.version: '6.1', java.version: '1.8.0_74'
Driver info: driver.version: EventFiringWebDriver
Capabilities [{applicationCacheEnabled=true, rotatable=false, handlesAlerts=true, databaseEnabled=true, version=45.0, platform=WINDOWS, nativeEvents=false, acceptSslCerts=true, webStorageEnabled=true, locationContextEnabled=true, browserName=firefox, takesScreenshot=true, javascriptEnabled=true, cssSelectorsEnabled=true}]
Session ID: ad125491-9cc7-480d-9c03-9e9cf17d6d85
16/04/2016 19:23:43 devpinoyLogger Error came
16/04/2016 19:23:43 devpinoyLogger Executing EnterText
16/04/2016 19:23:44 devpinoyLogger Error occurred while entering text: TraineeUsernameError communicating with the remote browser. It may have died.
Build info: version: '2.52.0', revision: '4c2593cfc3689a7fcd7be52549167e5ccc93ad28', time: '2016-02-11 11:22:43'
System info: host: 'Humanities-PC', ip: '192.168.1.133', os.name: 'Windows 7', os.arch: 'x86', os.version: '6.1', java.version: '1.8.0_74'
Driver info: driver.version: EventFiringWebDriver
Capabilities [{applicationCacheEnabled=true, rotatable=false, handlesAlerts=true, databaseEnabled=true, version=45.0, platform=WINDOWS, nativeEvents=false, acceptSslCerts=true, webStorageEnabled=true, locationContextEnabled=true, browserName=firefox, takesScreenshot=true, javascriptEnabled=true, cssSelectorsEnabled=true}]
Session ID: ad125491-9cc7-480d-9c03-9e9cf17d6d85
16/04/2016 19:23:44 devpinoyLogger Result of execution is: Fail : Error communicating with the remote browser. It may have died.
Build info: version: '2.52.0', revision: '4c2593cfc3689a7fcd7be52549167e5ccc93ad28', time: '2016-02-11 11:22:43'
System info: host: 'Humanities-PC', ip: '192.168.1.133', os.name: 'Windows 7', os.arch: 'x86', os.version: '6.1', java.version: '1.8.0_74'
Driver info: driver.version: EventFiringWebDriver
Capabilities [{applicationCacheEnabled=true, rotatable=false, handlesAlerts=true, databaseEnabled=true, version=45.0, platform=WINDOWS, nativeEvents=false, acceptSslCerts=true, webStorageEnabled=true, locationContextEnabled=true, browserName=firefox, takesScreenshot=true, javascriptEnabled=true, cssSelectorsEnabled=true}]
Session ID: ad125491-9cc7-480d-9c03-9e9cf17d6d85
16/04/2016 19:23:45 devpinoyLogger Error came
16/04/2016 19:23:45 devpinoyLogger Executing ClickButton
16/04/2016 19:23:46 devpinoyLogger Error occurred when clicking on button: CreateTraineeButtonError communicating with the remote browser. It may have died.
Build info: version: '2.52.0', revision: '4c2593cfc3689a7fcd7be52549167e5ccc93ad28', time: '2016-02-11 11:22:43'
System info: host: 'Humanities-PC', ip: '192.168.1.133', os.name: 'Windows 7', os.arch: 'x86', os.version: '6.1', java.version: '1.8.0_74'
Driver info: driver.version: EventFiringWebDriver
Capabilities [{applicationCacheEnabled=true, rotatable=false, handlesAlerts=true, databaseEnabled=true, version=45.0, platform=WINDOWS, nativeEvents=false, acceptSslCerts=true, webStorageEnabled=true, locationContextEnabled=true, browserName=firefox, takesScreenshot=true, javascriptEnabled=true, cssSelectorsEnabled=true}]
Session ID: ad125491-9cc7-480d-9c03-9e9cf17d6d85
16/04/2016 19:23:46 devpinoyLogger Result of execution is: Fail: Error communicating with the remote browser. It may have died.
Build info: version: '2.52.0', revision: '4c2593cfc3689a7fcd7be52549167e5ccc93ad28', time: '2016-02-11 11:22:43'
System info: host: 'Humanities-PC', ip: '192.168.1.133', os.name: 'Windows 7', os.arch: 'x86', os.version: '6.1', java.version: '1.8.0_74'
Driver info: driver.version: EventFiringWebDriver
Capabilities [{applicationCacheEnabled=true, rotatable=false, handlesAlerts=true, databaseEnabled=true, version=45.0, platform=WINDOWS, nativeEvents=false, acceptSslCerts=true, webStorageEnabled=true, locationContextEnabled=true, browserName=firefox, takesScreenshot=true, javascriptEnabled=true, cssSelectorsEnabled=true}]
Session ID: ad125491-9cc7-480d-9c03-9e9cf17d6d85
